<?xml version="1.0" encoding="UTF-8"?>
<!-- Generated by org.testng.reporters.JUnitXMLReporter -->
<testsuite ignored="0" hostname="DESKTOP-FUQKOE5" failures="0" tests="6" name="Default test" time="6.812" errors="0" timestamp="2025-09-05T23:03:42 BDT">
  <testcase classname="api.test.AuthTestCases_TC001" name="registerNewUser" time="4.338"/>
  <testcase classname="api.test.AuthTestCases_TC001" name="registerExistingMail" time="0.3"/>
  <testcase classname="api.test.AuthTestCases_TC001" name="loginAsAdmin" time="0.271"/>
  <testcase classname="api.test.AuthTestCases_TC001" name="loginAsInvalidAdmin" time="0.262"/>
  <testcase classname="api.test.AuthTestCases_TC001" name="loginAsUser" time="0.318"/>
  <testcase classname="api.test.AuthTestCases_TC001" name="loginAsUserWithWrongCred" time="0.251"/>
</testsuite> <!-- Default test -->
