<?xml version="1.0" encoding="UTF-8"?>
<!-- Generated by org.testng.reporters.JUnitXMLReporter -->
<testsuite ignored="0" hostname="DESKTOP-FUQKOE5" failures="0" tests="16" name="Test" time="9.893" errors="0" timestamp="2025-09-05T23:04:07 BDT">
  <testcase classname="api.test.AuthTestCases_TC001" name="registerNewUser" time="3.837"/>
  <testcase classname="api.test.AuthTestCases_TC001" name="registerExistingMail" time="0.301"/>
  <testcase classname="api.test.AuthTestCases_TC001" name="loginAsAdmin" time="0.253"/>
  <testcase classname="api.test.AuthTestCases_TC001" name="loginAsInvalidAdmin" time="0.289"/>
  <testcase classname="api.test.AuthTestCases_TC001" name="loginAsUser" time="0.295"/>
  <testcase classname="api.test.AuthTestCases_TC001" name="loginAsUserWithWrongCred" time="0.494"/>
  <testcase classname="api.test.UserTestCases_TC002" name="getUserList" time="0.638"/>
  <testcase classname="api.test.UserTestCases_TC002" name="searchUserById" time="0.25"/>
  <testcase classname="api.test.UserTestCases_TC002" name="searchUserByInvalidId" time="0.255"/>
  <testcase classname="api.test.UserTestCases_TC002" name="editUserInfo" time="0.266"/>
  <testcase classname="api.test.UserTestCases_TC002" name="searchUserAfterUpdateById" time="0.241"/>
  <testcase classname="api.test.CostTestCases_TC003" name="addItem" time="0.342"/>
  <testcase classname="api.test.CostTestCases_TC003" name="getItems" time="0.274"/>
  <testcase classname="api.test.CostTestCases_TC003" name="editItem" time="0.235"/>
  <testcase classname="api.test.CostTestCases_TC003" name="deleteItem" time="0.221"/>
  <testcase classname="api.test.CostTestCases_TC003" name="deleteItemWithwrongCostID" time="0.239"/>
</testsuite> <!-- Test -->
