<?xml version="1.0" encoding="UTF-8"?>
<!-- Generated by org.testng.reporters.JUnitReportReporter -->
<testsuite hostname="DESKTOP-FUQKOE5" failures="0" tests="5" name="api.test.UserTestCases_TC002" time="1.650" errors="0" timestamp="2025-09-05T23:04:08 BDT" skipped="0">
  <testcase classname="api.test.UserTestCases_TC002" name="getUserList" time="0.638"/>
  <testcase classname="api.test.UserTestCases_TC002" name="searchUserById" time="0.250"/>
  <testcase classname="api.test.UserTestCases_TC002" name="searchUserByInvalidId" time="0.255"/>
  <testcase classname="api.test.UserTestCases_TC002" name="editUserInfo" time="0.266"/>
  <testcase classname="api.test.UserTestCases_TC002" name="searchUserAfterUpdateById" time="0.241"/>
</testsuite> <!-- api.test.UserTestCases_TC002 -->
