<?xml version="1.0" encoding="UTF-8"?>
<!-- Generated by org.testng.reporters.JUnitReportReporter -->
<testsuite hostname="DESKTOP-FUQKOE5" failures="0" tests="5" name="api.test.CostTestCases_TC003" time="1.311" errors="0" timestamp="2025-09-05T23:04:08 BDT" skipped="0">
  <testcase classname="api.test.CostTestCases_TC003" name="addItem" time="0.342"/>
  <testcase classname="api.test.CostTestCases_TC003" name="getItems" time="0.274"/>
  <testcase classname="api.test.CostTestCases_TC003" name="editItem" time="0.235"/>
  <testcase classname="api.test.CostTestCases_TC003" name="deleteItem" time="0.221"/>
  <testcase classname="api.test.CostTestCases_TC003" name="deleteItemWithwrongCostID" time="0.239"/>
</testsuite> <!-- api.test.CostTestCases_TC003 -->
