<?xml version="1.0" encoding="UTF-8"?>
<!-- Generated by org.testng.reporters.JUnitReportReporter -->
<testsuite hostname="DESKTOP-FUQKOE5" failures="0" tests="6" name="api.test.AuthTestCases_TC001" time="5.469" errors="0" timestamp="2025-09-05T23:04:07 BDT" skipped="0">
  <testcase classname="api.test.AuthTestCases_TC001" name="registerNewUser" time="3.837"/>
  <testcase classname="api.test.AuthTestCases_TC001" name="registerExistingMail" time="0.301"/>
  <testcase classname="api.test.AuthTestCases_TC001" name="loginAsAdmin" time="0.253"/>
  <testcase classname="api.test.AuthTestCases_TC001" name="loginAsInvalidAdmin" time="0.289"/>
  <testcase classname="api.test.AuthTestCases_TC001" name="loginAsUser" time="0.295"/>
  <testcase classname="api.test.AuthTestCases_TC001" name="loginAsUserWithWrongCred" time="0.494"/>
</testsuite> <!-- api.test.AuthTestCases_TC001 -->
